Arguments: 
  /usr/bin/node /usr/share/yarn/bin/yarn.js add --json parcel-resolver-romutest -D

PATH: 
  /tmp/yarn--1577469184675-0.13597481465024486:/home/romu/code/parcel-ssr/example/node_modules/.bin:/home/romu/.config/yarn/link/node_modules/.bin:/usr/libexec/lib/node_modules/npm/bin/node-gyp-bin:/usr/lib/node_modules/npm/bin/node-gyp-bin:/usr/bin/node_modules/npm/bin/node-gyp-bin:/tmp/yarn--1577469183915-0.8268143156937549:/home/romu/code/parcel-ssr/example/node_modules/.bin:/home/romu/.config/yarn/link/node_modules/.bin:/usr/libexec/lib/node_modules/npm/bin/node-gyp-bin:/usr/lib/node_modules/npm/bin/node-gyp-bin:/usr/bin/node_modules/npm/bin/node-gyp-bin:/home/romu/.yarn/bin:/home/romu/.config/yarn/global/node_modules/.bin:/usr/local/sbin:/usr/local/bin:/usr/sbin:/usr/bin:/sbin:/bin:/usr/games:/usr/local/games:/home/romu/.yarn/bin:/snap/bin

Yarn version: 
  1.19.1

Node version: 
  12.2.0

Platform: 
  linux x64

Trace: 
  Error: getaddrinfo EAI_AGAIN registry.npmjs.org
      at GetAddrInfoReqWrap.onlookup [as oncomplete] (dns.js:60:26)

npm manifest: 
  {
    "scripts": {
      "build": "yarn build:clean && yarn build:pages",
      "build:pages": "parcel build .",
      "build:clean": "rm -rf ../.parcel-cache/ && rm -rf dist/"
    },
    "devDependencies": {
      "core-js": "3",
      "parcel": "2.0.0-alpha.3.1"
    },
    "source": "./hello.js",
    "main": "dist/hello.node.js",
    "browser": "dist/hello.browser.js",
    "targets": {
      "browser": {
        "includeNodeModules": true,
        "outputFormat": "global",
        "engines": {
          "browsers": [
            "> 1%",
            "not dead"
          ]
        }
      },
      "main": {
        "engines": {
          "node": ">=10.x"
        }
      }
    },
    "name": "example",
    "version": "0.0.1",
    "private": true
  }

yarn manifest: 
  No manifest

Lockfile: 
  No lockfile
